<?xml version="1.0" encoding="UTF-8"?>
<!-- Generated by org.testng.reporters.JUnitReportReporter -->
<testsuite hostname="DESKTOP-NORF524" failures="0" tests="1" name="AutomationProject.pageobjects.StandaloneProgram" time="10.153" errors="0" timestamp="2024-02-22T23:30:01 IST" skipped="0">
  <testcase classname="AutomationProject.pageobjects.StandaloneProgram" name="submitOrder" time="10.153"/>
  <system-out/>
</testsuite> <!-- AutomationProject.pageobjects.StandaloneProgram -->
