<?xml version="1.0" encoding="UTF-8"?>
<!-- Generated by org.testng.reporters.JUnitReportReporter -->
<testsuite hostname="DESKTOP-NORF524" failures="0" tests="1" name="AutomationProject.JavaSeleniumFramework.SubmitOrder" time="9.080" errors="0" timestamp="2024-02-28T09:51:02 IST" skipped="0">
  <testcase classname="AutomationProject.JavaSeleniumFramework.SubmitOrder" name="submitOrder" time="9.080"/>
  <system-out/>
</testsuite> <!-- AutomationProject.JavaSeleniumFramework.SubmitOrder -->
