<?xml version="1.0" encoding="UTF-8"?>
<!-- Generated by org.testng.reporters.JUnitReportReporter -->
<testsuite hostname="DESKTOP-NORF524" failures="0" tests="2" name="AutomationProject.JavaSeleniumFramework.SubmitOrder" time="16.187" errors="0" timestamp="2024-02-25T23:34:15 IST" skipped="0">
  <testcase classname="AutomationProject.JavaSeleniumFramework.SubmitOrder" name="submitOrder" time="7.097"/>
  <system-out/>
  <testcase classname="AutomationProject.JavaSeleniumFramework.SubmitOrder" name="OrderHistoryTest" time="9.090"/>
  <system-out/>
</testsuite> <!-- AutomationProject.JavaSeleniumFramework.SubmitOrder -->
