<?xml version="1.0" encoding="UTF-8"?>
<!-- Generated by org.testng.reporters.JUnitReportReporter -->
<testsuite hostname="DESKTOP-NORF524" failures="0" tests="3" name="runner.TestngRunner" time="6.622" errors="3" timestamp="2024-02-29T00:51:14 IST" skipped="0">
  <testcase classname="runner.TestngRunner" name="runScenario" time="1.895">
    <error message="Cannot invoke &quot;AutomationProject.pageobjects.LandingPage.goTo()&quot; because &quot;this.landingpage&quot; is null" type="java.lang.NullPointerException">
      <![CDATA[java.lang.NullPointerException: Cannot invoke "AutomationProject.pageobjects.LandingPage.goTo()" because "this.landingpage" is null
at AutomationProject.StepDefinitions.StepDefinitionImp.I_launch_the_saucedemo_application(StepDefinitionImp.java:32)
at ✽.I launch the saucedemo application(file:///C:/Users/ADMIN/eclipse-workspace4/JavaSeleniumFramework/src/test/java/features/ErrorValidation.feature:6)
]]>
    </error>
  </testcase> <!-- runScenario -->
  <testcase classname="runner.TestngRunner" name="runScenario" time="1.832">
    <error message="Cannot invoke &quot;AutomationProject.pageobjects.LandingPage.goTo()&quot; because &quot;this.landingpage&quot; is null" type="java.lang.NullPointerException">
      <![CDATA[java.lang.NullPointerException: Cannot invoke "AutomationProject.pageobjects.LandingPage.goTo()" because "this.landingpage" is null
at AutomationProject.StepDefinitions.StepDefinitionImp.I_launch_the_saucedemo_application(StepDefinitionImp.java:32)
at ✽.I launch the saucedemo application(file:///C:/Users/ADMIN/eclipse-workspace4/JavaSeleniumFramework/src/test/java/features/SubmitOrder.feature:5)
]]>
    </error>
  </testcase> <!-- runScenario -->
  <testcase classname="runner.TestngRunner" name="runScenario" time="2.895">
    <error message="Cannot invoke &quot;AutomationProject.pageobjects.LandingPage.goTo()&quot; because &quot;this.landingpage&quot; is null" type="java.lang.NullPointerException">
      <![CDATA[java.lang.NullPointerException: Cannot invoke "AutomationProject.pageobjects.LandingPage.goTo()" because "this.landingpage" is null
at AutomationProject.StepDefinitions.StepDefinitionImp.I_launch_the_saucedemo_application(StepDefinitionImp.java:32)
at ✽.I launch the saucedemo application(file:///C:/Users/ADMIN/eclipse-workspace4/JavaSeleniumFramework/src/test/java/features/ErrorValidation.feature:6)
]]>
    </error>
  </testcase> <!-- runScenario -->
</testsuite> <!-- runner.TestngRunner -->
